09-02-2021 18:31:42 - MOD: Modification Default

FILE: system/engine/action.php
REGEX: ~(require|include)(_once)?\(([^)]+)~
LINE: 69

FILE: system/engine/loader.php
REGEX: ~(require|include)(_once)?\(([^)]+)~
LINE: 81
LINE: 155
LINE: 172

FILE: system/library/config.php
REGEX: ~(require|include)(_once)?\(([^)]+)~
LINE: 59

FILE: system/library/language.php
REGEX: ~(require|include)(_once)?\(([^)]+)~
LINE: 67
LINE: 73

FILE: system/library/template/template.php
REGEX: ~(require|include)(_once)?\(([^)]+)~
LINE: 18

FILE: system/library/template/twig.php
CODE: $loader = new \Twig_Loader_Filesystem(DIR_TEMPLATE);
LINE: 19
----------------------------------------------------------------
MOD: Todas as URLs amigáveis para OpenCart 3.0.x

FILE: catalog/controller/startup/seo_url.php
CODE: class ControllerStartupSeoUrl extends Controller {
LINE: 45
CODE: $this->request->get['route'] = 'error/not_found';
LINE: 91
CODE: unset($data[$key]);
LINE: 151
----------------------------------------------------------------
MOD: URL amigável automática para OpenCart 3.0.x

FILE: admin/view/template/common/header.twig
CODE: </head>
LINE: 39

FILE: admin/view/template/catalog/product_form.twig
CODE: {{ footer }}
LINE: 1487

FILE: admin/view/template/catalog/category_form.twig
CODE: {{ footer }}
LINE: 322

FILE: admin/view/template/catalog/information_form.twig
CODE: {{ footer }}
LINE: 231

FILE: admin/view/template/catalog/manufacturer_form.twig
CODE: {{ footer }}
LINE: 124
----------------------------------------------------------------
11-02-2021 13:05:10 - MOD: Modification Default

FILE: system/engine/action.php
REGEX: ~(require|include)(_once)?\(([^)]+)~
LINE: 69

FILE: system/engine/loader.php
REGEX: ~(require|include)(_once)?\(([^)]+)~
LINE: 81
LINE: 155
LINE: 172

FILE: system/library/config.php
REGEX: ~(require|include)(_once)?\(([^)]+)~
LINE: 59

FILE: system/library/language.php
REGEX: ~(require|include)(_once)?\(([^)]+)~
LINE: 67
LINE: 73

FILE: system/library/template/template.php
REGEX: ~(require|include)(_once)?\(([^)]+)~
LINE: 18

FILE: system/library/template/twig.php
CODE: $loader = new \Twig_Loader_Filesystem(DIR_TEMPLATE);
LINE: 19
----------------------------------------------------------------
MOD: Contact Info

FILE: catalog/controller/common/footer.php
CODE: $data['scripts'] = $this->document->getScripts('footer');
LINE: 85
----------------------------------------------------------------
MOD: Todas as URLs amigáveis para OpenCart 3.0.x

FILE: catalog/controller/startup/seo_url.php
CODE: class ControllerStartupSeoUrl extends Controller {
LINE: 45
CODE: $this->request->get['route'] = 'error/not_found';
LINE: 91
CODE: unset($data[$key]);
LINE: 151
----------------------------------------------------------------
MOD: URL amigável automática para OpenCart 3.0.x

FILE: admin/view/template/common/header.twig
CODE: </head>
LINE: 39

FILE: admin/view/template/catalog/product_form.twig
CODE: {{ footer }}
LINE: 1487

FILE: admin/view/template/catalog/category_form.twig
CODE: {{ footer }}
LINE: 322

FILE: admin/view/template/catalog/information_form.twig
CODE: {{ footer }}
LINE: 231

FILE: admin/view/template/catalog/manufacturer_form.twig
CODE: {{ footer }}
LINE: 124
----------------------------------------------------------------
11-02-2021 13:05:51 - MOD: Modification Default

FILE: system/engine/action.php
REGEX: ~(require|include)(_once)?\(([^)]+)~
LINE: 69

FILE: system/engine/loader.php
REGEX: ~(require|include)(_once)?\(([^)]+)~
LINE: 81
LINE: 155
LINE: 172

FILE: system/library/config.php
REGEX: ~(require|include)(_once)?\(([^)]+)~
LINE: 59

FILE: system/library/language.php
REGEX: ~(require|include)(_once)?\(([^)]+)~
LINE: 67
LINE: 73

FILE: system/library/template/template.php
REGEX: ~(require|include)(_once)?\(([^)]+)~
LINE: 18

FILE: system/library/template/twig.php
CODE: $loader = new \Twig_Loader_Filesystem(DIR_TEMPLATE);
LINE: 19
----------------------------------------------------------------
MOD: Contact Info

FILE: catalog/controller/common/footer.php
CODE: $data['scripts'] = $this->document->getScripts('footer');
LINE: 85
----------------------------------------------------------------
MOD: Social Medias

FILE: admin/view/template/setting/setting.twig
CODE: <li><a href="#tab-store" data-toggle="tab">{{ tab_store }}</a></li>
LINE: 35
CODE: <div class="tab-pane" id="tab-local">
LINE: 241

FILE: admin/controller/setting/setting.php
CODE: $data['user_token'] = $this->session->data['user_token'];
LINE: 193
CODE: return $this->load->view('common/footer', $data);
LINE: 99
----------------------------------------------------------------
MOD: Todas as URLs amigáveis para OpenCart 3.0.x

FILE: catalog/controller/startup/seo_url.php
CODE: class ControllerStartupSeoUrl extends Controller {
LINE: 45
CODE: $this->request->get['route'] = 'error/not_found';
LINE: 91
CODE: unset($data[$key]);
LINE: 151
----------------------------------------------------------------
MOD: URL amigável automática para OpenCart 3.0.x

FILE: admin/view/template/common/header.twig
CODE: </head>
LINE: 39

FILE: admin/view/template/catalog/product_form.twig
CODE: {{ footer }}
LINE: 1487

FILE: admin/view/template/catalog/category_form.twig
CODE: {{ footer }}
LINE: 322

FILE: admin/view/template/catalog/information_form.twig
CODE: {{ footer }}
LINE: 231

FILE: admin/view/template/catalog/manufacturer_form.twig
CODE: {{ footer }}
LINE: 124
----------------------------------------------------------------
25-02-2021 13:01:04 - MOD: Modification Default

FILE: system/engine/action.php
REGEX: ~(require|include)(_once)?\(([^)]+)~
LINE: 69

FILE: system/engine/loader.php
REGEX: ~(require|include)(_once)?\(([^)]+)~
LINE: 81
LINE: 155
LINE: 172

FILE: system/library/config.php
REGEX: ~(require|include)(_once)?\(([^)]+)~
LINE: 59

FILE: system/library/language.php
REGEX: ~(require|include)(_once)?\(([^)]+)~
LINE: 67
LINE: 73

FILE: system/library/template/template.php
REGEX: ~(require|include)(_once)?\(([^)]+)~
LINE: 18

FILE: system/library/template/twig.php
CODE: $loader = new \Twig_Loader_Filesystem(DIR_TEMPLATE);
LINE: 19
----------------------------------------------------------------
MOD: Compre Junto

FILE: catalog/controller/product/product.php
CODE: $data['header'] = $this->load->controller('common/header');
LINE: 458
LINE: 534

FILE: catalog/view/theme/weye/template/product/product.twig
CODE: <ul class="nav nav-tabs">
NOT FOUND - OPERATION SKIPPED!

FILE: system/library/cart/cart.php
CODE: public function __construct($registry) {
LINE: 6
CODE: $product_data[] = array(
LINE: 245

FILE: admin/model/catalog/product.php
CODE: if (isset($data['product_reward'])) {
LINE: 113
CODE: if (isset($data['product_reward'])) {
LINE: 278
CODE: $data['product_reward'] = $this->getProductRewards($product_id);
LINE: 335
CODE: public function deleteProduct($product_id) {
LINE: 351

FILE: admin/language/en-gb/catalog/product.php
REGEX: ~$~
LINE: 114

FILE: admin/language/pt-br/catalog/product.php
REGEX: ~$~
LINE: 114

FILE: admin/controller/catalog/product.php
CODE: protected function getForm() {
LINE: 568
CODE: $data['header'] = $this->load->controller('common/header');
LINE: 1270

FILE: admin/view/template/catalog/product_form.twig
CODE: <li><a href="#tab-design" data-toggle="tab">{{ tab_design }}</a></li>
LINE: 44
CODE: <div class="tab-pane" id="tab-design">
LINE: 934
----------------------------------------------------------------
MOD: Contact Info

FILE: catalog/controller/common/footer.php
CODE: $data['scripts'] = $this->document->getScripts('footer');
LINE: 85
----------------------------------------------------------------
MOD: Social Medias

FILE: admin/view/template/setting/setting.twig
CODE: <li><a href="#tab-store" data-toggle="tab">{{ tab_store }}</a></li>
LINE: 35
CODE: <div class="tab-pane" id="tab-local">
LINE: 241

FILE: admin/controller/setting/setting.php
CODE: $data['user_token'] = $this->session->data['user_token'];
LINE: 199
CODE: return $this->load->view('common/footer', $data);
LINE: 103
----------------------------------------------------------------
MOD: Todas as URLs amigáveis para OpenCart 3.0.x

FILE: catalog/controller/startup/seo_url.php
CODE: class ControllerStartupSeoUrl extends Controller {
LINE: 45
CODE: $this->request->get['route'] = 'error/not_found';
LINE: 91
CODE: unset($data[$key]);
LINE: 151
----------------------------------------------------------------
MOD: URL amigável automática para OpenCart 3.0.x

FILE: admin/view/template/common/header.twig
CODE: </head>
LINE: 39
CODE: {{ footer }}
LINE: 1493

FILE: admin/view/template/catalog/category_form.twig
CODE: {{ footer }}
LINE: 322

FILE: admin/view/template/catalog/information_form.twig
CODE: {{ footer }}
LINE: 231

FILE: admin/view/template/catalog/manufacturer_form.twig
CODE: {{ footer }}
LINE: 124
----------------------------------------------------------------
25-02-2021 13:14:04 - MOD: Modification Default

FILE: system/engine/action.php
REGEX: ~(require|include)(_once)?\(([^)]+)~
LINE: 69

FILE: system/engine/loader.php
REGEX: ~(require|include)(_once)?\(([^)]+)~
LINE: 81
LINE: 155
LINE: 172

FILE: system/library/config.php
REGEX: ~(require|include)(_once)?\(([^)]+)~
LINE: 59

FILE: system/library/language.php
REGEX: ~(require|include)(_once)?\(([^)]+)~
LINE: 67
LINE: 73

FILE: system/library/template/template.php
REGEX: ~(require|include)(_once)?\(([^)]+)~
LINE: 18

FILE: system/library/template/twig.php
CODE: $loader = new \Twig_Loader_Filesystem(DIR_TEMPLATE);
LINE: 19
----------------------------------------------------------------
MOD: Compre Junto

FILE: catalog/controller/product/product.php
CODE: $data['header'] = $this->load->controller('common/header');
LINE: 458
LINE: 534

FILE: catalog/view/theme/weye/template/product/product.twig
CODE: <ul class="nav nav-tabs">
NOT FOUND - OPERATION SKIPPED!

FILE: system/library/cart/cart.php
CODE: public function __construct($registry) {
LINE: 6
CODE: $product_data[] = array(
LINE: 245

FILE: admin/model/catalog/product.php
CODE: if (isset($data['product_reward'])) {
LINE: 113
CODE: if (isset($data['product_reward'])) {
LINE: 278
CODE: $data['product_reward'] = $this->getProductRewards($product_id);
LINE: 335
CODE: public function deleteProduct($product_id) {
LINE: 351

FILE: admin/language/en-gb/catalog/product.php
REGEX: ~$~
LINE: 114

FILE: admin/language/pt-br/catalog/product.php
REGEX: ~$~
LINE: 114

FILE: admin/controller/catalog/product.php
CODE: protected function getForm() {
LINE: 568
CODE: $data['header'] = $this->load->controller('common/header');
LINE: 1270

FILE: admin/view/template/catalog/product_form.twig
CODE: <li><a href="#tab-design" data-toggle="tab">{{ tab_design }}</a></li>
LINE: 44
CODE: <div class="tab-pane" id="tab-design">
LINE: 934
----------------------------------------------------------------
MOD: Contact Info

FILE: catalog/controller/common/footer.php
CODE: $data['scripts'] = $this->document->getScripts('footer');
LINE: 85
----------------------------------------------------------------
MOD: Social Medias

FILE: admin/view/template/setting/setting.twig
CODE: <li><a href="#tab-store" data-toggle="tab">{{ tab_store }}</a></li>
LINE: 35
CODE: <div class="tab-pane" id="tab-local">
LINE: 241

FILE: admin/controller/setting/setting.php
CODE: $data['user_token'] = $this->session->data['user_token'];
LINE: 199
CODE: return $this->load->view('common/footer', $data);
LINE: 103
----------------------------------------------------------------
MOD: Todas as URLs amigáveis para OpenCart 3.0.x

FILE: catalog/controller/startup/seo_url.php
CODE: class ControllerStartupSeoUrl extends Controller {
LINE: 45
CODE: $this->request->get['route'] = 'error/not_found';
LINE: 91
CODE: unset($data[$key]);
LINE: 151
----------------------------------------------------------------
MOD: URL amigável automática para OpenCart 3.0.x

FILE: admin/view/template/common/header.twig
CODE: </head>
LINE: 39
CODE: {{ footer }}
LINE: 1493

FILE: admin/view/template/catalog/category_form.twig
CODE: {{ footer }}
LINE: 322

FILE: admin/view/template/catalog/information_form.twig
CODE: {{ footer }}
LINE: 231

FILE: admin/view/template/catalog/manufacturer_form.twig
CODE: {{ footer }}
LINE: 124
----------------------------------------------------------------
25-02-2021 14:25:39 - MOD: Modification Default

FILE: system/engine/action.php
REGEX: ~(require|include)(_once)?\(([^)]+)~
LINE: 69

FILE: system/engine/loader.php
REGEX: ~(require|include)(_once)?\(([^)]+)~
LINE: 81
LINE: 155
LINE: 172

FILE: system/library/config.php
REGEX: ~(require|include)(_once)?\(([^)]+)~
LINE: 59

FILE: system/library/language.php
REGEX: ~(require|include)(_once)?\(([^)]+)~
LINE: 67
LINE: 73

FILE: system/library/template/template.php
REGEX: ~(require|include)(_once)?\(([^)]+)~
LINE: 18

FILE: system/library/template/twig.php
CODE: $loader = new \Twig_Loader_Filesystem(DIR_TEMPLATE);
LINE: 19
----------------------------------------------------------------
MOD: Contact Info

FILE: catalog/controller/common/footer.php
CODE: $data['scripts'] = $this->document->getScripts('footer');
LINE: 85
----------------------------------------------------------------
MOD: Social Medias

FILE: admin/view/template/setting/setting.twig
CODE: <li><a href="#tab-store" data-toggle="tab">{{ tab_store }}</a></li>
LINE: 35
CODE: <div class="tab-pane" id="tab-local">
LINE: 241

FILE: admin/controller/setting/setting.php
CODE: $data['user_token'] = $this->session->data['user_token'];
LINE: 199
CODE: return $this->load->view('common/footer', $data);
LINE: 103
----------------------------------------------------------------
MOD: Todas as URLs amigáveis para OpenCart 3.0.x

FILE: catalog/controller/startup/seo_url.php
CODE: class ControllerStartupSeoUrl extends Controller {
LINE: 45
CODE: $this->request->get['route'] = 'error/not_found';
LINE: 91
CODE: unset($data[$key]);
LINE: 151
----------------------------------------------------------------
MOD: URL amigável automática para OpenCart 3.0.x

FILE: admin/view/template/common/header.twig
CODE: </head>
LINE: 39

FILE: admin/view/template/catalog/product_form.twig
CODE: {{ footer }}
LINE: 1487

FILE: admin/view/template/catalog/category_form.twig
CODE: {{ footer }}
LINE: 322

FILE: admin/view/template/catalog/information_form.twig
CODE: {{ footer }}
LINE: 231

FILE: admin/view/template/catalog/manufacturer_form.twig
CODE: {{ footer }}
LINE: 124
----------------------------------------------------------------
25-02-2021 14:25:58 - MOD: Modification Default

FILE: system/engine/action.php
REGEX: ~(require|include)(_once)?\(([^)]+)~
LINE: 69

FILE: system/engine/loader.php
REGEX: ~(require|include)(_once)?\(([^)]+)~
LINE: 81
LINE: 155
LINE: 172

FILE: system/library/config.php
REGEX: ~(require|include)(_once)?\(([^)]+)~
LINE: 59

FILE: system/library/language.php
REGEX: ~(require|include)(_once)?\(([^)]+)~
LINE: 67
LINE: 73

FILE: system/library/template/template.php
REGEX: ~(require|include)(_once)?\(([^)]+)~
LINE: 18

FILE: system/library/template/twig.php
CODE: $loader = new \Twig_Loader_Filesystem(DIR_TEMPLATE);
LINE: 19
----------------------------------------------------------------
MOD: Compre Junto

FILE: catalog/controller/product/product.php
CODE: $data['header'] = $this->load->controller('common/header');
LINE: 458
LINE: 534

FILE: catalog/view/theme/weye/template/product/product.twig
CODE: <ul class="nav nav-tabs">
NOT FOUND - OPERATION SKIPPED!

FILE: system/library/cart/cart.php
CODE: public function __construct($registry) {
LINE: 6
CODE: $product_data[] = array(
LINE: 245

FILE: admin/model/catalog/product.php
CODE: if (isset($data['product_reward'])) {
LINE: 113
CODE: if (isset($data['product_reward'])) {
LINE: 278
CODE: $data['product_reward'] = $this->getProductRewards($product_id);
LINE: 335
CODE: public function deleteProduct($product_id) {
LINE: 351

FILE: admin/language/en-gb/catalog/product.php
REGEX: ~$~
LINE: 114

FILE: admin/language/pt-br/catalog/product.php
REGEX: ~$~
LINE: 114

FILE: admin/controller/catalog/product.php
CODE: protected function getForm() {
LINE: 568
CODE: $data['header'] = $this->load->controller('common/header');
LINE: 1270

FILE: admin/view/template/catalog/product_form.twig
CODE: <li><a href="#tab-design" data-toggle="tab">{{ tab_design }}</a></li>
LINE: 44
CODE: <div class="tab-pane" id="tab-design">
LINE: 934
----------------------------------------------------------------
MOD: Contact Info

FILE: catalog/controller/common/footer.php
CODE: $data['scripts'] = $this->document->getScripts('footer');
LINE: 85
----------------------------------------------------------------
MOD: Social Medias

FILE: admin/view/template/setting/setting.twig
CODE: <li><a href="#tab-store" data-toggle="tab">{{ tab_store }}</a></li>
LINE: 35
CODE: <div class="tab-pane" id="tab-local">
LINE: 241

FILE: admin/controller/setting/setting.php
CODE: $data['user_token'] = $this->session->data['user_token'];
LINE: 199
CODE: return $this->load->view('common/footer', $data);
LINE: 103
----------------------------------------------------------------
MOD: Todas as URLs amigáveis para OpenCart 3.0.x

FILE: catalog/controller/startup/seo_url.php
CODE: class ControllerStartupSeoUrl extends Controller {
LINE: 45
CODE: $this->request->get['route'] = 'error/not_found';
LINE: 91
CODE: unset($data[$key]);
LINE: 151
----------------------------------------------------------------
MOD: URL amigável automática para OpenCart 3.0.x

FILE: admin/view/template/common/header.twig
CODE: </head>
LINE: 39
CODE: {{ footer }}
LINE: 1493

FILE: admin/view/template/catalog/category_form.twig
CODE: {{ footer }}
LINE: 322

FILE: admin/view/template/catalog/information_form.twig
CODE: {{ footer }}
LINE: 231

FILE: admin/view/template/catalog/manufacturer_form.twig
CODE: {{ footer }}
LINE: 124
----------------------------------------------------------------
